2026-01-28 00:56:22 - INFO     - ================================================================================
2026-01-28 00:56:22 - INFO     - Adaptive IR System - QUICK TEST Training
2026-01-28 00:56:22 - INFO     - ================================================================================
2026-01-28 00:56:22 - INFO     - ⚠️  SUBSET MODE: Training with 1,000 queries only
2026-01-28 00:56:22 - INFO     - Random seed: 42
2026-01-28 00:56:22 - WARNING  - CUDA not available, using CPU
2026-01-28 00:56:22 - INFO     - Device: cpu
2026-01-28 00:56:22 - INFO     - Loading datasets...
2026-01-28 00:56:22 - INFO     - Loading legacy dataset: msa_dataset.hdf5
2026-01-28 00:56:22 - INFO     - Loaded dataset: msa_dataset.hdf5
2026-01-28 00:56:22 - INFO     - Available splits: train, valid, test
2026-01-28 00:56:22 - INFO     - Loaded corpus: msa_corpus.hdf5 (480,722 documents)
2026-01-28 00:56:38 - INFO     - Loaded train split: 271345 queries
2026-01-28 00:56:38 - INFO     - Loading legacy dataset: msa_dataset.hdf5
2026-01-28 00:56:38 - INFO     - Loaded dataset: msa_dataset.hdf5
2026-01-28 00:56:38 - INFO     - Available splits: train, valid, test
2026-01-28 00:56:38 - INFO     - Loaded corpus: msa_corpus.hdf5 (480,722 documents)
2026-01-28 00:56:39 - INFO     - Loaded valid split: 20000 queries
2026-01-28 00:56:39 - INFO     - Train queries: 1000
2026-01-28 00:56:39 - INFO     - Val queries: 20000
2026-01-28 00:56:39 - INFO     - Initializing search engine...
2026-01-28 00:56:39 - INFO     - Using SimpleBM25Searcher for msa dataset
2026-01-28 00:56:39 - INFO     - Building BM25 index from corpus...
2026-01-28 00:56:40 - INFO     - Indexing 16302 relevant documents...
2026-01-28 00:56:40 - INFO     - BM25 index built with 16302 documents
2026-01-28 00:56:40 - INFO     - Search engine: SimpleBM25 (legacy dataset)
2026-01-28 00:56:40 - INFO     - Building pipeline...
2026-01-28 00:56:40 - INFO     - Loading embeddings from D_cbow_pdw_8B.pkl...
2026-01-28 00:56:41 - INFO     - Loaded 374,557 words, dim=500
2026-01-28 00:56:41 - INFO     - Loaded legacy Word2Vec embeddings from ../Query Reformulator/D_cbow_pdw_8B.pkl
2026-01-28 00:56:41 - INFO     - Initialized Candidate Term Miner
2026-01-28 00:56:41 - INFO     - Initialized RL Agent with 426,371 parameters
2026-01-28 00:56:41 - INFO     - Initialized RRF Fusion (k=60)
2026-01-28 00:56:41 - INFO     - Pipeline initialized successfully
2026-01-28 00:56:41 - INFO     - Initializing training loop...
2026-01-28 00:56:41 - INFO     - Initialized RL Training Loop
2026-01-28 00:56:41 - INFO     - Starting training...
2026-01-28 00:56:41 - INFO     - Epochs: 10
2026-01-28 00:56:41 - INFO     - Batch size: 16
2026-01-28 00:56:41 - INFO     - Episodes per update: 64
2026-01-28 00:56:41 - INFO     - ⚠️  Training queries: 1,000 (subset)
2026-01-28 00:56:41 - INFO     - --------------------------------------------------------------------------------
2026-01-28 00:56:41 - INFO     - Starting training...
2026-01-28 00:56:41 - INFO     - Computing baseline metrics (no RL)...
2026-01-28 00:56:46 - INFO     - 
Training interrupted by user
2026-01-28 00:56:46 - INFO     - ================================================================================
2026-01-28 00:56:46 - INFO     - Training completed!
2026-01-28 00:56:46 - INFO     - ================================================================================
2026-01-28 00:56:53 - INFO     - ================================================================================
2026-01-28 00:56:53 - INFO     - Adaptive IR System - QUICK TEST Training
2026-01-28 00:56:53 - INFO     - ================================================================================
2026-01-28 00:56:53 - INFO     - ⚠️  SUBSET MODE: Training with 1,000 queries only
2026-01-28 00:56:54 - INFO     - Random seed: 42
2026-01-28 00:56:54 - WARNING  - CUDA not available, using CPU
2026-01-28 00:56:54 - INFO     - Device: cpu
2026-01-28 00:56:54 - INFO     - Loading datasets...
2026-01-28 00:56:54 - INFO     - Loading legacy dataset: msa_dataset.hdf5
2026-01-28 00:56:54 - INFO     - Loaded dataset: msa_dataset.hdf5
2026-01-28 00:56:54 - INFO     - Available splits: train, valid, test
2026-01-28 00:56:54 - INFO     - Loaded corpus: msa_corpus.hdf5 (480,722 documents)
